# JRE version: Java(TM) SE Runtime Environment (8.0_241-b07) (build 1.8.0_241-b07)
# Java VM: Java HotSpot(TM) 64-Bit Server VM (25.241-b07 mixed mode windows-amd64 compressed oops)
Heap:
 PSYoungGen      total 72192K, used 68462K [0x00000000ead80000, 0x00000000efa80000, 0x0000000100000000)
  eden space 65536K, 97% used [0x00000000ead80000,0x00000000eeb9f0d8,0x00000000eed80000)
  from space 6656K, 72% used [0x00000000ef400000,0x00000000ef8bc7a8,0x00000000efa80000)
  to   space 6656K, 0% used [0x00000000eed80000,0x00000000eed80000,0x00000000ef400000)
 ParOldGen       total 44032K, used 8521K [0x00000000c0800000, 0x00000000c3300000, 0x00000000ead80000)
  object space 44032K, 19% used [0x00000000c0800000,0x00000000c1052678,0x00000000c3300000)
 Metaspace       used 18452K, capacity 18950K, committed 19072K, reserved 1067008K
  class space    used 2193K, capacity 2328K, committed 2432K, reserved 1048576K
GC Heap History (10 events):
Event: 1.866 GC heap before
{Heap before GC invocations=2 (full 0):
 PSYoungGen      total 18944K, used 18934K [0x00000000ead80000, 0x00000000ec280000, 0x0000000100000000)
  eden space 16384K, 100% used [0x00000000ead80000,0x00000000ebd80000,0x00000000ebd80000)
  from space 2560K, 99% used [0x00000000ebd80000,0x00000000ebffdaa8,0x00000000ec000000)
  to   space 2560K, 0% used [0x00000000ec000000,0x00000000ec000000,0x00000000ec280000)
 ParOldGen       total 44032K, used 357K [0x00000000c0800000, 0x00000000c3300000, 0x00000000ead80000)
  object space 44032K, 0% used [0x00000000c0800000,0x00000000c0859698,0x00000000c3300000)
 Metaspace       used 8762K, capacity 8904K, committed 9088K, reserved 1056768K
  class space    used 1044K, capacity 1116K, committed 1152K, reserved 1048576K
Event: 1.881 GC heap after
Heap after GC invocations=2 (full 0):
 PSYoungGen      total 18944K, used 2543K [0x00000000ead80000, 0x00000000ed280000, 0x0000000100000000)
  eden space 16384K, 0% used [0x00000000ead80000,0x00000000ead80000,0x00000000ebd80000)
  from space 2560K, 99% used [0x00000000ec000000,0x00000000ec27bd90,0x00000000ec280000)
  to   space 2560K, 0% used [0x00000000ebd80000,0x00000000ebd80000,0x00000000ec000000)
 ParOldGen       total 44032K, used 1487K [0x00000000c0800000, 0x00000000c3300000, 0x00000000ead80000)
  object space 44032K, 3% used [0x00000000c0800000,0x00000000c0973fb8,0x00000000c3300000)
 Metaspace       used 8762K, capacity 8904K, committed 9088K, reserved 1056768K
  class space    used 1044K, capacity 1116K, committed 1152K, reserved 1048576K
}
Event: 2.218 GC heap before
{Heap before GC invocations=3 (full 0):
 PSYoungGen      total 18944K, used 18927K [0x00000000ead80000, 0x00000000ed280000, 0x0000000100000000)
  eden space 16384K, 100% used [0x00000000ead80000,0x00000000ebd80000,0x00000000ebd80000)
  from space 2560K, 99% used [0x00000000ec000000,0x00000000ec27bd90,0x00000000ec280000)
  to   space 2560K, 0% used [0x00000000ebd80000,0x00000000ebd80000,0x00000000ec000000)
 ParOldGen       total 44032K, used 1487K [0x00000000c0800000, 0x00000000c3300000, 0x00000000ead80000)
  object space 44032K, 3% used [0x00000000c0800000,0x00000000c0973fb8,0x00000000c3300000)
 Metaspace       used 9686K, capacity 9848K, committed 9984K, reserved 1058816K
  class space    used 1163K, capacity 1215K, committed 1280K, reserved 1048576K
Event: 2.226 GC heap after
Heap after GC invocations=3 (full 0):
 PSYoungGen      total 18944K, used 2533K [0x00000000ead80000, 0x00000000ed280000, 0x0000000100000000)
  eden space 16384K, 0% used [0x00000000ead80000,0x00000000ead80000,0x00000000ebd80000)
  from space 2560K, 98% used [0x00000000ebd80000,0x00000000ebff9520,0x00000000ec000000)
  to   space 2560K, 0% used [0x00000000ed000000,0x00000000ed000000,0x00000000ed280000)
 ParOldGen       total 44032K, used 2547K [0x00000000c0800000, 0x00000000c3300000, 0x00000000ead80000)
  object space 44032K, 5% used [0x00000000c0800000,0x00000000c0a7cd08,0x00000000c3300000)
 Metaspace       used 9686K, capacity 9848K, committed 9984K, reserved 1058816K
  class space    used 1163K, capacity 1215K, committed 1280K, reserved 1048576K
}
Event: 2.547 GC heap before
{Heap before GC invocations=4 (full 0):
 PSYoungGen      total 18944K, used 18917K [0x00000000ead80000, 0x00000000ed280000, 0x0000000100000000)
  eden space 16384K, 100% used [0x00000000ead80000,0x00000000ebd80000,0x00000000ebd80000)
  from space 2560K, 98% used [0x00000000ebd80000,0x00000000ebff9520,0x00000000ec000000)
  to   space 2560K, 0% used [0x00000000ed000000,0x00000000ed000000,0x00000000ed280000)
 ParOldGen       total 44032K, used 2547K [0x00000000c0800000, 0x00000000c3300000, 0x00000000ead80000)
  object space 44032K, 5% used [0x00000000c0800000,0x00000000c0a7cd08,0x00000000c3300000)
 Metaspace       used 11295K, capacity 11440K, committed 11776K, reserved 1058816K
  class space    used 1373K, capacity 1449K, committed 1536K, reserved 1048576K
Event: 2.557 GC heap after
Heap after GC invocations=4 (full 0):
 PSYoungGen      total 35328K, used 2528K [0x00000000ead80000, 0x00000000ed280000, 0x0000000100000000)
  eden space 32768K, 0% used [0x00000000ead80000,0x00000000ead80000,0x00000000ecd80000)
  from space 2560K, 98% used [0x00000000ed000000,0x00000000ed278020,0x00000000ed280000)
  to   space 2560K, 0% used [0x00000000ecd80000,0x00000000ecd80000,0x00000000ed000000)
 ParOldGen       total 44032K, used 4413K [0x00000000c0800000, 0x00000000c3300000, 0x00000000ead80000)
  object space 44032K, 10% used [0x00000000c0800000,0x00000000c0c4f5f8,0x00000000c3300000)
 Metaspace       used 11295K, capacity 11440K, committed 11776K, reserved 1058816K
  class space    used 1373K, capacity 1449K, committed 1536K, reserved 1048576K
}
Event: 3.816 GC heap before
{Heap before GC invocations=5 (full 0):
 PSYoungGen      total 35328K, used 35296K [0x00000000ead80000, 0x00000000ed280000, 0x0000000100000000)
  eden space 32768K, 100% used [0x00000000ead80000,0x00000000ecd80000,0x00000000ecd80000)
  from space 2560K, 98% used [0x00000000ed000000,0x00000000ed278020,0x00000000ed280000)
  to   space 2560K, 0% used [0x00000000ecd80000,0x00000000ecd80000,0x00000000ed000000)
 ParOldGen       total 44032K, used 4413K [0x00000000c0800000, 0x00000000c3300000, 0x00000000ead80000)
  object space 44032K, 10% used [0x00000000c0800000,0x00000000c0c4f5f8,0x00000000c3300000)
 Metaspace       used 14753K, capacity 14980K, committed 15232K, reserved 1062912K
  class space    used 1815K, capacity 1909K, committed 1920K, reserved 1048576K
Event: 3.851 GC heap after
Heap after GC invocations=5 (full 0):
 PSYoungGen      total 35328K, used 2544K [0x00000000ead80000, 0x00000000efa80000, 0x0000000100000000)
  eden space 32768K, 0% used [0x00000000ead80000,0x00000000ead80000,0x00000000ecd80000)
  from space 2560K, 99% used [0x00000000ecd80000,0x00000000ecffc030,0x00000000ed000000)
  to   space 6656K, 0% used [0x00000000ef400000,0x00000000ef400000,0x00000000efa80000)
 ParOldGen       total 44032K, used 8521K [0x00000000c0800000, 0x00000000c3300000, 0x00000000ead80000)
  object space 44032K, 19% used [0x00000000c0800000,0x00000000c1052678,0x00000000c3300000)
 Metaspace       used 14753K, capacity 14980K, committed 15232K, reserved 1062912K
  class space    used 1815K, capacity 1909K, committed 1920K, reserved 1048576K
}
Event: 6.179 GC heap before
{Heap before GC invocations=6 (full 0):
 PSYoungGen      total 35328K, used 35312K [0x00000000ead80000, 0x00000000efa80000, 0x0000000100000000)
  eden space 32768K, 100% used [0x00000000ead80000,0x00000000ecd80000,0x00000000ecd80000)
  from space 2560K, 99% used [0x00000000ecd80000,0x00000000ecffc030,0x00000000ed000000)
  to   space 6656K, 0% used [0x00000000ef400000,0x00000000ef400000,0x00000000efa80000)
 ParOldGen       total 44032K, used 8521K [0x00000000c0800000, 0x00000000c3300000, 0x00000000ead80000)
  object space 44032K, 19% used [0x00000000c0800000,0x00000000c1052678,0x00000000c3300000)
 Metaspace       used 16015K, capacity 16294K, committed 16384K, reserved 1062912K
  class space    used 1929K, capacity 2016K, committed 2048K, reserved 1048576K
Event: 6.214 GC heap after
Heap after GC invocations=6 (full 0):
 PSYoungGen      total 72192K, used 4849K [0x00000000ead80000, 0x00000000efa80000, 0x0000000100000000)
  eden space 65536K, 0% used [0x00000000ead80000,0x00000000ead80000,0x00000000eed80000)
  from space 6656K, 72% used [0x00000000ef400000,0x00000000ef8bc7a8,0x00000000efa80000)
  to   space 6656K, 0% used [0x00000000eed80000,0x00000000eed80000,0x00000000ef400000)
 ParOldGen       total 44032K, used 8521K [0x00000000c0800000, 0x00000000c3300000, 0x00000000ead80000)
  object space 44032K, 19% used [0x00000000c0800000,0x00000000c1052678,0x00000000c3300000)
 Metaspace       used 16015K, capacity 16294K, committed 16384K, reserved 1062912K
  class space    used 1929K, capacity 2016K, committed 2048K, reserved 1048576K
}

